# JRE version: Java(TM) SE Runtime Environment (8.0_40-b27) (build 1.8.0_40-b27)
# Java VM: Java HotSpot(TM) 64-Bit Server VM (25.40-b25 mixed mode bsd-amd64 compressed oops)
Heap:
 PSYoungGen      total 562176K, used 43910K [0x000000076ab00000, 0x0000000795b80000, 0x00000007c0000000)
  eden space 541184K, 8% used [0x000000076ab00000,0x000000076d5e18d0,0x000000078bb80000)
  from space 20992K, 0% used [0x000000078bb80000,0x000000078bb80000,0x000000078d000000)
  to   space 22016K, 0% used [0x0000000794600000,0x0000000794600000,0x0000000795b80000)
 ParOldGen       total 244736K, used 47938K [0x00000006c0000000, 0x00000006cef00000, 0x000000076ab00000)
  object space 244736K, 19% used [0x00000006c0000000,0x00000006c2ed0908,0x00000006cef00000)
 Metaspace       used 58599K, capacity 60218K, committed 60308K, reserved 1101824K
  class space    used 7059K, capacity 7352K, committed 7424K, reserved 1048576K
GC Heap History (10 events):
Event: 4,800 GC heap before
{Heap before GC invocations=10 (full 1):
 PSYoungGen      total 417792K, used 200811K [0x000000076ab00000, 0x000000078bc00000, 0x00000007c0000000)
  eden space 407040K, 46% used [0x000000076ab00000,0x00000007764a2370,0x0000000783880000)
  from space 10752K, 99% used [0x000000078b180000,0x000000078bbf8c00,0x000000078bc00000)
  to   space 12800K, 0% used [0x000000078a300000,0x000000078a300000,0x000000078af80000)
 ParOldGen       total 103424K, used 10887K [0x00000006c0000000, 0x00000006c6500000, 0x000000076ab00000)
  object space 103424K, 10% used [0x00000006c0000000,0x00000006c0aa1c98,0x00000006c6500000)
 Metaspace       used 34764K, capacity 35114K, committed 35416K, reserved 1081344K
  class space    used 4180K, capacity 4254K, committed 4352K, reserved 1048576K
Event: 4,813 GC heap after
Heap after GC invocations=10 (full 1):
 PSYoungGen      total 528896K, used 12793K [0x000000076ab00000, 0x000000078df80000, 0x00000007c0000000)
  eden space 516096K, 0% used [0x000000076ab00000,0x000000076ab00000,0x000000078a300000)
  from space 12800K, 99% used [0x000000078a300000,0x000000078af7e668,0x000000078af80000)
  to   space 15872K, 0% used [0x000000078d000000,0x000000078d000000,0x000000078df80000)
 ParOldGen       total 103424K, used 15278K [0x00000006c0000000, 0x00000006c6500000, 0x000000076ab00000)
  object space 103424K, 14% used [0x00000006c0000000,0x00000006c0eeb850,0x00000006c6500000)
 Metaspace       used 34764K, capacity 35114K, committed 35416K, reserved 1081344K
  class space    used 4180K, capacity 4254K, committed 4352K, reserved 1048576K
}
Event: 4,813 GC heap before
{Heap before GC invocations=11 (full 2):
 PSYoungGen      total 528896K, used 12793K [0x000000076ab00000, 0x000000078df80000, 0x00000007c0000000)
  eden space 516096K, 0% used [0x000000076ab00000,0x000000076ab00000,0x000000078a300000)
  from space 12800K, 99% used [0x000000078a300000,0x000000078af7e668,0x000000078af80000)
  to   space 15872K, 0% used [0x000000078d000000,0x000000078d000000,0x000000078df80000)
 ParOldGen       total 103424K, used 15278K [0x00000006c0000000, 0x00000006c6500000, 0x000000076ab00000)
  object space 103424K, 14% used [0x00000006c0000000,0x00000006c0eeb850,0x00000006c6500000)
 Metaspace       used 34764K, capacity 35114K, committed 35416K, reserved 1081344K
  class space    used 4180K, capacity 4254K, committed 4352K, reserved 1048576K
Event: 4,861 GC heap after
Heap after GC invocations=11 (full 2):
 PSYoungGen      total 528896K, used 0K [0x000000076ab00000, 0x000000078df80000, 0x00000007c0000000)
  eden space 516096K, 0% used [0x000000076ab00000,0x000000076ab00000,0x000000078a300000)
  from space 12800K, 0% used [0x000000078a300000,0x000000078a300000,0x000000078af80000)
  to   space 15872K, 0% used [0x000000078d000000,0x000000078d000000,0x000000078df80000)
 ParOldGen       total 168448K, used 25232K [0x00000006c0000000, 0x00000006ca480000, 0x000000076ab00000)
  object space 168448K, 14% used [0x00000006c0000000,0x00000006c18a4270,0x00000006ca480000)
 Metaspace       used 34764K, capacity 35114K, committed 35416K, reserved 1081344K
  class space    used 4180K, capacity 4254K, committed 4352K, reserved 1048576K
}
Event: 6,808 GC heap before
{Heap before GC invocations=12 (full 2):
 PSYoungGen      total 528896K, used 516096K [0x000000076ab00000, 0x000000078df80000, 0x00000007c0000000)
  eden space 516096K, 100% used [0x000000076ab00000,0x000000078a300000,0x000000078a300000)
  from space 12800K, 0% used [0x000000078a300000,0x000000078a300000,0x000000078af80000)
  to   space 15872K, 0% used [0x000000078d000000,0x000000078d000000,0x000000078df80000)
 ParOldGen       total 168448K, used 25232K [0x00000006c0000000, 0x00000006ca480000, 0x000000076ab00000)
  object space 168448K, 14% used [0x00000006c0000000,0x00000006c18a4270,0x00000006ca480000)
 Metaspace       used 48617K, capacity 49202K, committed 49536K, reserved 1093632K
  class space    used 5852K, capacity 5978K, committed 6016K, reserved 1048576K
Event: 6,824 GC heap after
Heap after GC invocations=12 (full 2):
 PSYoungGen      total 557056K, used 15855K [0x000000076ab00000, 0x0000000795000000, 0x00000007c0000000)
  eden space 541184K, 0% used [0x000000076ab00000,0x000000076ab00000,0x000000078bb80000)
  from space 15872K, 99% used [0x000000078d000000,0x000000078df7be08,0x000000078df80000)
  to   space 20992K, 0% used [0x000000078bb80000,0x000000078bb80000,0x000000078d000000)
 ParOldGen       total 168448K, used 33364K [0x00000006c0000000, 0x00000006ca480000, 0x000000076ab00000)
  object space 168448K, 19% used [0x00000006c0000000,0x00000006c2095188,0x00000006ca480000)
 Metaspace       used 48617K, capacity 49202K, committed 49536K, reserved 1093632K
  class space    used 5852K, capacity 5978K, committed 6016K, reserved 1048576K
}
Event: 67,582 GC heap before
{Heap before GC invocations=13 (full 2):
 PSYoungGen      total 557056K, used 376708K [0x000000076ab00000, 0x0000000795000000, 0x00000007c0000000)
  eden space 541184K, 66% used [0x000000076ab00000,0x0000000780b654b0,0x000000078bb80000)
  from space 15872K, 99% used [0x000000078d000000,0x000000078df7be08,0x000000078df80000)
  to   space 20992K, 0% used [0x000000078bb80000,0x000000078bb80000,0x000000078d000000)
 ParOldGen       total 168448K, used 33364K [0x00000006c0000000, 0x00000006ca480000, 0x000000076ab00000)
  object space 168448K, 19% used [0x00000006c0000000,0x00000006c2095188,0x00000006ca480000)
 Metaspace       used 58037K, capacity 59002K, committed 59028K, reserved 1101824K
  class space    used 6949K, capacity 7164K, committed 7168K, reserved 1048576K
Event: 67,599 GC heap after
Heap after GC invocations=13 (full 2):
 PSYoungGen      total 562176K, used 15256K [0x000000076ab00000, 0x0000000795b80000, 0x00000007c0000000)
  eden space 541184K, 0% used [0x000000076ab00000,0x000000076ab00000,0x000000078bb80000)
  from space 20992K, 72% used [0x000000078bb80000,0x000000078ca66298,0x000000078d000000)
  to   space 22016K, 0% used [0x0000000794600000,0x0000000794600000,0x0000000795b80000)
 ParOldGen       total 168448K, used 47778K [0x00000006c0000000, 0x00000006ca480000, 0x000000076ab00000)
  object space 168448K, 28% used [0x00000006c0000000,0x00000006c2ea8938,0x00000006ca480000)
 Metaspace       used 58037K, capacity 59002K, committed 59028K, reserved 1101824K
  class space    used 6949K, capacity 7164K, committed 7168K, reserved 1048576K
}
Event: 67,599 GC heap before
{Heap before GC invocations=14 (full 3):
 PSYoungGen      total 562176K, used 15256K [0x000000076ab00000, 0x0000000795b80000, 0x00000007c0000000)
  eden space 541184K, 0% used [0x000000076ab00000,0x000000076ab00000,0x000000078bb80000)
  from space 20992K, 72% used [0x000000078bb80000,0x000000078ca66298,0x000000078d000000)
  to   space 22016K, 0% used [0x0000000794600000,0x0000000794600000,0x0000000795b80000)
 ParOldGen       total 168448K, used 47778K [0x00000006c0000000, 0x00000006ca480000, 0x000000076ab00000)
  object space 168448K, 28% used [0x00000006c0000000,0x00000006c2ea8938,0x00000006ca480000)
 Metaspace       used 58037K, capacity 59002K, committed 59028K, reserved 1101824K
  class space    used 6949K, capacity 7164K, committed 7168K, reserved 1048576K
Event: 67,762 GC heap after
Heap after GC invocations=14 (full 3):
 PSYoungGen      total 562176K, used 0K [0x000000076ab00000, 0x0000000795b80000, 0x00000007c0000000)
  eden space 541184K, 0% used [0x000000076ab00000,0x000000076ab00000,0x000000078bb80000)
  from space 20992K, 0% used [0x000000078bb80000,0x000000078bb80000,0x000000078d000000)
  to   space 22016K, 0% used [0x0000000794600000,0x0000000794600000,0x0000000795b80000)
 ParOldGen       total 244736K, used 47938K [0x00000006c0000000, 0x00000006cef00000, 0x000000076ab00000)
  object space 244736K, 19% used [0x00000006c0000000,0x00000006c2ed0908,0x00000006cef00000)
 Metaspace       used 57910K, capacity 58652K, committed 59028K, reserved 1101824K
  class space    used 6905K, capacity 7089K, committed 7168K, reserved 1048576K
}

