# JRE version: Java(TM) SE Runtime Environment (8.0_40-b27) (build 1.8.0_40-b27)
# Java VM: Java HotSpot(TM) 64-Bit Server VM (25.40-b25 mixed mode bsd-amd64 compressed oops)
Heap:
 PSYoungGen      total 555008K, used 308654K [0x000000076ab00000, 0x0000000795400000, 0x00000007c0000000)
  eden space 534016K, 57% used [0x000000076ab00000,0x000000077d86baa8,0x000000078b480000)
  from space 20992K, 0% used [0x000000078b480000,0x000000078b480000,0x000000078c900000)
  to   space 22016K, 0% used [0x0000000793e80000,0x0000000793e80000,0x0000000795400000)
 ParOldGen       total 246784K, used 48140K [0x00000006c0000000, 0x00000006cf100000, 0x000000076ab00000)
  object space 246784K, 19% used [0x00000006c0000000,0x00000006c2f030e8,0x00000006cf100000)
 Metaspace       used 64825K, capacity 73324K, committed 73344K, reserved 1114112K
  class space    used 8249K, capacity 9329K, committed 9344K, reserved 1048576K
GC Heap History (10 events):
Event: 4,493 GC heap before
{Heap before GC invocations=10 (full 1):
 PSYoungGen      total 415744K, used 199314K [0x000000076ab00000, 0x000000078bd00000, 0x00000007c0000000)
  eden space 404480K, 46% used [0x000000076ab00000,0x00000007762a95b0,0x0000000783600000)
  from space 11264K, 99% used [0x000000078b200000,0x000000078bcfb5f0,0x000000078bd00000)
  to   space 12800K, 0% used [0x000000078a400000,0x000000078a400000,0x000000078b080000)
 ParOldGen       total 104448K, used 10372K [0x00000006c0000000, 0x00000006c6600000, 0x000000076ab00000)
  object space 104448K, 9% used [0x00000006c0000000,0x00000006c0a212e8,0x00000006c6600000)
 Metaspace       used 34776K, capacity 35114K, committed 35416K, reserved 1081344K
  class space    used 4192K, capacity 4254K, committed 4352K, reserved 1048576K
Event: 4,505 GC heap after
Heap after GC invocations=10 (full 1):
 PSYoungGen      total 529920K, used 12789K [0x000000076ab00000, 0x000000078d880000, 0x00000007c0000000)
  eden space 517120K, 0% used [0x000000076ab00000,0x000000076ab00000,0x000000078a400000)
  from space 12800K, 99% used [0x000000078a400000,0x000000078b07d5c0,0x000000078b080000)
  to   space 15872K, 0% used [0x000000078c900000,0x000000078c900000,0x000000078d880000)
 ParOldGen       total 104448K, used 14822K [0x00000006c0000000, 0x00000006c6600000, 0x000000076ab00000)
  object space 104448K, 14% used [0x00000006c0000000,0x00000006c0e79878,0x00000006c6600000)
 Metaspace       used 34776K, capacity 35114K, committed 35416K, reserved 1081344K
  class space    used 4192K, capacity 4254K, committed 4352K, reserved 1048576K
}
Event: 4,505 GC heap before
{Heap before GC invocations=11 (full 2):
 PSYoungGen      total 529920K, used 12789K [0x000000076ab00000, 0x000000078d880000, 0x00000007c0000000)
  eden space 517120K, 0% used [0x000000076ab00000,0x000000076ab00000,0x000000078a400000)
  from space 12800K, 99% used [0x000000078a400000,0x000000078b07d5c0,0x000000078b080000)
  to   space 15872K, 0% used [0x000000078c900000,0x000000078c900000,0x000000078d880000)
 ParOldGen       total 104448K, used 14822K [0x00000006c0000000, 0x00000006c6600000, 0x000000076ab00000)
  object space 104448K, 14% used [0x00000006c0000000,0x00000006c0e79878,0x00000006c6600000)
 Metaspace       used 34776K, capacity 35114K, committed 35416K, reserved 1081344K
  class space    used 4192K, capacity 4254K, committed 4352K, reserved 1048576K
Event: 4,551 GC heap after
Heap after GC invocations=11 (full 2):
 PSYoungGen      total 529920K, used 0K [0x000000076ab00000, 0x000000078d880000, 0x00000007c0000000)
  eden space 517120K, 0% used [0x000000076ab00000,0x000000076ab00000,0x000000078a400000)
  from space 12800K, 0% used [0x000000078a400000,0x000000078a400000,0x000000078b080000)
  to   space 15872K, 0% used [0x000000078c900000,0x000000078c900000,0x000000078d880000)
 ParOldGen       total 170496K, used 25265K [0x00000006c0000000, 0x00000006ca680000, 0x000000076ab00000)
  object space 170496K, 14% used [0x00000006c0000000,0x00000006c18ac598,0x00000006ca680000)
 Metaspace       used 34776K, capacity 35114K, committed 35416K, reserved 1081344K
  class space    used 4192K, capacity 4254K, committed 4352K, reserved 1048576K
}
Event: 6,350 GC heap before
{Heap before GC invocations=12 (full 2):
 PSYoungGen      total 529920K, used 517120K [0x000000076ab00000, 0x000000078d880000, 0x00000007c0000000)
  eden space 517120K, 100% used [0x000000076ab00000,0x000000078a400000,0x000000078a400000)
  from space 12800K, 0% used [0x000000078a400000,0x000000078a400000,0x000000078b080000)
  to   space 15872K, 0% used [0x000000078c900000,0x000000078c900000,0x000000078d880000)
 ParOldGen       total 170496K, used 25265K [0x00000006c0000000, 0x00000006ca680000, 0x000000076ab00000)
  object space 170496K, 14% used [0x00000006c0000000,0x00000006c18ac598,0x00000006ca680000)
 Metaspace       used 48580K, capacity 49138K, committed 49536K, reserved 1093632K
  class space    used 5852K, capacity 5978K, committed 6016K, reserved 1048576K
Event: 6,370 GC heap after
Heap after GC invocations=12 (full 2):
 PSYoungGen      total 549888K, used 15871K [0x000000076ab00000, 0x0000000795280000, 0x00000007c0000000)
  eden space 534016K, 0% used [0x000000076ab00000,0x000000076ab00000,0x000000078b480000)
  from space 15872K, 99% used [0x000000078c900000,0x000000078d87fcd0,0x000000078d880000)
  to   space 20992K, 0% used [0x000000078b480000,0x000000078b480000,0x000000078c900000)
 ParOldGen       total 170496K, used 33250K [0x00000006c0000000, 0x00000006ca680000, 0x000000076ab00000)
  object space 170496K, 19% used [0x00000006c0000000,0x00000006c2078bc8,0x00000006ca680000)
 Metaspace       used 48580K, capacity 49138K, committed 49536K, reserved 1093632K
  class space    used 5852K, capacity 5978K, committed 6016K, reserved 1048576K
}
Event: 96,266 GC heap before
{Heap before GC invocations=13 (full 2):
 PSYoungGen      total 549888K, used 391076K [0x000000076ab00000, 0x0000000795280000, 0x00000007c0000000)
  eden space 534016K, 70% used [0x000000076ab00000,0x0000000781969518,0x000000078b480000)
  from space 15872K, 99% used [0x000000078c900000,0x000000078d87fcd0,0x000000078d880000)
  to   space 20992K, 0% used [0x000000078b480000,0x000000078b480000,0x000000078c900000)
 ParOldGen       total 170496K, used 33250K [0x00000006c0000000, 0x00000006ca680000, 0x000000076ab00000)
  object space 170496K, 19% used [0x00000006c0000000,0x00000006c2078bc8,0x00000006ca680000)
 Metaspace       used 58021K, capacity 58728K, committed 59008K, reserved 1101824K
  class space    used 6900K, capacity 7039K, committed 7040K, reserved 1048576K
Event: 96,284 GC heap after
Heap after GC invocations=13 (full 2):
 PSYoungGen      total 555008K, used 15435K [0x000000076ab00000, 0x0000000795400000, 0x00000007c0000000)
  eden space 534016K, 0% used [0x000000076ab00000,0x000000076ab00000,0x000000078b480000)
  from space 20992K, 73% used [0x000000078b480000,0x000000078c392ca8,0x000000078c900000)
  to   space 22016K, 0% used [0x0000000793e80000,0x0000000793e80000,0x0000000795400000)
 ParOldGen       total 170496K, used 47757K [0x00000006c0000000, 0x00000006ca680000, 0x000000076ab00000)
  object space 170496K, 28% used [0x00000006c0000000,0x00000006c2ea3658,0x00000006ca680000)
 Metaspace       used 58021K, capacity 58728K, committed 59008K, reserved 1101824K
  class space    used 6900K, capacity 7039K, committed 7040K, reserved 1048576K
}
Event: 96,284 GC heap before
{Heap before GC invocations=14 (full 3):
 PSYoungGen      total 555008K, used 15435K [0x000000076ab00000, 0x0000000795400000, 0x00000007c0000000)
  eden space 534016K, 0% used [0x000000076ab00000,0x000000076ab00000,0x000000078b480000)
  from space 20992K, 73% used [0x000000078b480000,0x000000078c392ca8,0x000000078c900000)
  to   space 22016K, 0% used [0x0000000793e80000,0x0000000793e80000,0x0000000795400000)
 ParOldGen       total 170496K, used 47757K [0x00000006c0000000, 0x00000006ca680000, 0x000000076ab00000)
  object space 170496K, 28% used [0x00000006c0000000,0x00000006c2ea3658,0x00000006ca680000)
 Metaspace       used 58021K, capacity 58728K, committed 59008K, reserved 1101824K
  class space    used 6900K, capacity 7039K, committed 7040K, reserved 1048576K
Event: 96,445 GC heap after
Heap after GC invocations=14 (full 3):
 PSYoungGen      total 555008K, used 0K [0x000000076ab00000, 0x0000000795400000, 0x00000007c0000000)
  eden space 534016K, 0% used [0x000000076ab00000,0x000000076ab00000,0x000000078b480000)
  from space 20992K, 0% used [0x000000078b480000,0x000000078b480000,0x000000078c900000)
  to   space 22016K, 0% used [0x0000000793e80000,0x0000000793e80000,0x0000000795400000)
 ParOldGen       total 246784K, used 48140K [0x00000006c0000000, 0x00000006cf100000, 0x000000076ab00000)
  object space 246784K, 19% used [0x00000006c0000000,0x00000006c2f030e8,0x00000006cf100000)
 Metaspace       used 58021K, capacity 58728K, committed 59008K, reserved 1101824K
  class space    used 6900K, capacity 7039K, committed 7040K, reserved 1048576K
}

